1740972613.035797 client started (33048): version 3.2a, socket /tmp/tmux-1000/default, protocol 8
1740972613.035812 on Linux 5.15.167.4-microsoft-standard-WSL2 #1 SMP Tue Nov 5 00:21:55 UTC 2024
1740972613.035814 using libevent 2.1.12-stable (poll); ncurses 6.3
1740972613.035821 flags are 0x10010000
1740972613.035822 socket is /tmp/tmux-1000/default
1740972613.035829 trying connect
1740972613.035867 add peer 0x5636c05e4d60: 6 ((nil))
1740972613.036051 sending message 100 to peer 0x5636c05e4d60 (4 bytes)
1740972613.036055 sending message 111 to peer 0x5636c05e4d60 (8 bytes)
1740972613.036056 sending message 101 to peer 0x5636c05e4d60 (15 bytes)
1740972613.036058 sending message 109 to peer 0x5636c05e4d60 (4 bytes)
1740972613.036060 sending message 102 to peer 0x5636c05e4d60 (11 bytes)
1740972613.036061 sending message 108 to peer 0x5636c05e4d60 (25 bytes)
1740972613.036063 sending message 112 to peer 0x5636c05e4d60 (58 bytes)
1740972613.036065 sending message 112 to peer 0x5636c05e4d60 (5 bytes)
1740972613.036066 sending message 112 to peer 0x5636c05e4d60 (5 bytes)
1740972613.036068 sending message 112 to peer 0x5636c05e4d60 (6 bytes)
1740972613.036069 sending message 112 to peer 0x5636c05e4d60 (6 bytes)
1740972613.036084 sending message 112 to peer 0x5636c05e4d60 (11 bytes)
1740972613.036086 sending message 112 to peer 0x5636c05e4d60 (10 bytes)
1740972613.036088 sending message 112 to peer 0x5636c05e4d60 (13 bytes)
1740972613.036089 sending message 112 to peer 0x5636c05e4d60 (14 bytes)
1740972613.036091 sending message 112 to peer 0x5636c05e4d60 (19 bytes)
1740972613.036092 sending message 112 to peer 0x5636c05e4d60 (11 bytes)
1740972613.036094 sending message 112 to peer 0x5636c05e4d60 (10 bytes)
1740972613.036095 sending message 112 to peer 0x5636c05e4d60 (15 bytes)
1740972613.036097 sending message 112 to peer 0x5636c05e4d60 (21 bytes)
1740972613.036098 sending message 112 to peer 0x5636c05e4d60 (13 bytes)
1740972613.036100 sending message 112 to peer 0x5636c05e4d60 (7 bytes)
1740972613.036102 sending message 112 to peer 0x5636c05e4d60 (13 bytes)
1740972613.036104 sending message 112 to peer 0x5636c05e4d60 (7 bytes)
1740972613.036106 sending message 112 to peer 0x5636c05e4d60 (13 bytes)
1740972613.036107 sending message 112 to peer 0x5636c05e4d60 (9 bytes)
1740972613.036108 sending message 112 to peer 0x5636c05e4d60 (21 bytes)
1740972613.036110 sending message 112 to peer 0x5636c05e4d60 (13 bytes)
1740972613.036111 sending message 112 to peer 0x5636c05e4d60 (9 bytes)
1740972613.036113 sending message 112 to peer 0x5636c05e4d60 (16 bytes)
1740972613.036114 sending message 112 to peer 0x5636c05e4d60 (13 bytes)
1740972613.036115 sending message 112 to peer 0x5636c05e4d60 (9 bytes)
1740972613.036117 sending message 112 to peer 0x5636c05e4d60 (9 bytes)
1740972613.036118 sending message 112 to peer 0x5636c05e4d60 (12 bytes)
1740972613.036120 sending message 112 to peer 0x5636c05e4d60 (8 bytes)
1740972613.036121 sending message 112 to peer 0x5636c05e4d60 (8 bytes)
1740972613.036122 sending message 112 to peer 0x5636c05e4d60 (13 bytes)
1740972613.036124 sending message 112 to peer 0x5636c05e4d60 (7 bytes)
1740972613.036125 sending message 112 to peer 0x5636c05e4d60 (7 bytes)
1740972613.036126 sending message 112 to peer 0x5636c05e4d60 (9 bytes)
1740972613.036128 sending message 112 to peer 0x5636c05e4d60 (9 bytes)
1740972613.036129 sending message 112 to peer 0x5636c05e4d60 (15 bytes)
1740972613.036131 sending message 112 to peer 0x5636c05e4d60 (13 bytes)
1740972613.036132 sending message 112 to peer 0x5636c05e4d60 (12 bytes)
1740972613.036134 sending message 112 to peer 0x5636c05e4d60 (8 bytes)
1740972613.036135 sending message 112 to peer 0x5636c05e4d60 (14 bytes)
1740972613.036137 sending message 112 to peer 0x5636c05e4d60 (11 bytes)
1740972613.036138 sending message 112 to peer 0x5636c05e4d60 (9 bytes)
1740972613.036139 sending message 112 to peer 0x5636c05e4d60 (10 bytes)
1740972613.036141 sending message 112 to peer 0x5636c05e4d60 (10 bytes)
1740972613.036142 sending message 112 to peer 0x5636c05e4d60 (10 bytes)
1740972613.036144 sending message 112 to peer 0x5636c05e4d60 (10 bytes)
1740972613.036148 sending message 112 to peer 0x5636c05e4d60 (11 bytes)
1740972613.036150 sending message 112 to peer 0x5636c05e4d60 (12 bytes)
1740972613.036151 sending message 112 to peer 0x5636c05e4d60 (12 bytes)
1740972613.036153 sending message 112 to peer 0x5636c05e4d60 (12 bytes)
1740972613.036154 sending message 112 to peer 0x5636c05e4d60 (12 bytes)
1740972613.036157 sending message 112 to peer 0x5636c05e4d60 (12 bytes)
1740972613.036159 sending message 112 to peer 0x5636c05e4d60 (11 bytes)
1740972613.036160 sending message 112 to peer 0x5636c05e4d60 (11 bytes)
1740972613.036161 sending message 112 to peer 0x5636c05e4d60 (12 bytes)
1740972613.036162 sending message 112 to peer 0x5636c05e4d60 (12 bytes)
1740972613.036164 sending message 112 to peer 0x5636c05e4d60 (12 bytes)
1740972613.036165 sending message 112 to peer 0x5636c05e4d60 (12 bytes)
1740972613.036166 sending message 112 to peer 0x5636c05e4d60 (12 bytes)
1740972613.036167 sending message 112 to peer 0x5636c05e4d60 (9 bytes)
1740972613.036169 sending message 112 to peer 0x5636c05e4d60 (12 bytes)
1740972613.036170 sending message 112 to peer 0x5636c05e4d60 (13 bytes)
1740972613.036172 sending message 112 to peer 0x5636c05e4d60 (13 bytes)
1740972613.036173 sending message 112 to peer 0x5636c05e4d60 (13 bytes)
1740972613.036174 sending message 112 to peer 0x5636c05e4d60 (13 bytes)
1740972613.036175 sending message 112 to peer 0x5636c05e4d60 (13 bytes)
1740972613.036177 sending message 112 to peer 0x5636c05e4d60 (8 bytes)
1740972613.036178 sending message 112 to peer 0x5636c05e4d60 (11 bytes)
1740972613.036179 sending message 112 to peer 0x5636c05e4d60 (11 bytes)
1740972613.036180 sending message 112 to peer 0x5636c05e4d60 (11 bytes)
1740972613.036182 sending message 112 to peer 0x5636c05e4d60 (12 bytes)
1740972613.036183 sending message 112 to peer 0x5636c05e4d60 (12 bytes)
1740972613.036184 sending message 112 to peer 0x5636c05e4d60 (12 bytes)
1740972613.036185 sending message 112 to peer 0x5636c05e4d60 (12 bytes)
1740972613.036187 sending message 112 to peer 0x5636c05e4d60 (13 bytes)
1740972613.036188 sending message 112 to peer 0x5636c05e4d60 (13 bytes)
1740972613.036189 sending message 112 to peer 0x5636c05e4d60 (13 bytes)
1740972613.036190 sending message 112 to peer 0x5636c05e4d60 (8 bytes)
1740972613.036192 sending message 112 to peer 0x5636c05e4d60 (13 bytes)
1740972613.036193 sending message 112 to peer 0x5636c05e4d60 (13 bytes)
1740972613.036194 sending message 112 to peer 0x5636c05e4d60 (13 bytes)
1740972613.036195 sending message 112 to peer 0x5636c05e4d60 (13 bytes)
1740972613.036197 sending message 112 to peer 0x5636c05e4d60 (13 bytes)
1740972613.036198 sending message 112 to peer 0x5636c05e4d60 (12 bytes)
1740972613.036199 sending message 112 to peer 0x5636c05e4d60 (12 bytes)
1740972613.036200 sending message 112 to peer 0x5636c05e4d60 (12 bytes)
1740972613.036202 sending message 112 to peer 0x5636c05e4d60 (12 bytes)
1740972613.036203 sending message 112 to peer 0x5636c05e4d60 (13 bytes)
1740972613.036206 sending message 112 to peer 0x5636c05e4d60 (8 bytes)
1740972613.036207 sending message 112 to peer 0x5636c05e4d60 (13 bytes)
1740972613.036208 sending message 112 to peer 0x5636c05e4d60 (13 bytes)
1740972613.036210 sending message 112 to peer 0x5636c05e4d60 (13 bytes)
1740972613.036211 sending message 112 to peer 0x5636c05e4d60 (13 bytes)
1740972613.036212 sending message 112 to peer 0x5636c05e4d60 (13 bytes)
1740972613.036213 sending message 112 to peer 0x5636c05e4d60 (13 bytes)
1740972613.036215 sending message 112 to peer 0x5636c05e4d60 (13 bytes)
1740972613.036216 sending message 112 to peer 0x5636c05e4d60 (12 bytes)
1740972613.036217 sending message 112 to peer 0x5636c05e4d60 (12 bytes)
1740972613.036218 sending message 112 to peer 0x5636c05e4d60 (12 bytes)
1740972613.036220 sending message 112 to peer 0x5636c05e4d60 (8 bytes)
1740972613.036221 sending message 112 to peer 0x5636c05e4d60 (12 bytes)
1740972613.036222 sending message 112 to peer 0x5636c05e4d60 (13 bytes)
1740972613.036223 sending message 112 to peer 0x5636c05e4d60 (13 bytes)
1740972613.036226 sending message 112 to peer 0x5636c05e4d60 (13 bytes)
1740972613.036228 sending message 112 to peer 0x5636c05e4d60 (13 bytes)
1740972613.036229 sending message 112 to peer 0x5636c05e4d60 (13 bytes)
1740972613.036230 sending message 112 to peer 0x5636c05e4d60 (13 bytes)
1740972613.036232 sending message 112 to peer 0x5636c05e4d60 (13 bytes)
1740972613.036234 sending message 112 to peer 0x5636c05e4d60 (13 bytes)
1740972613.036235 sending message 112 to peer 0x5636c05e4d60 (12 bytes)
1740972613.036237 sending message 112 to peer 0x5636c05e4d60 (10 bytes)
1740972613.036238 sending message 112 to peer 0x5636c05e4d60 (12 bytes)
1740972613.036239 sending message 112 to peer 0x5636c05e4d60 (12 bytes)
1740972613.036241 sending message 112 to peer 0x5636c05e4d60 (12 bytes)
1740972613.036242 sending message 112 to peer 0x5636c05e4d60 (13 bytes)
1740972613.036243 sending message 112 to peer 0x5636c05e4d60 (13 bytes)
1740972613.036244 sending message 112 to peer 0x5636c05e4d60 (13 bytes)
1740972613.036246 sending message 112 to peer 0x5636c05e4d60 (13 bytes)
1740972613.036247 sending message 112 to peer 0x5636c05e4d60 (13 bytes)
1740972613.036248 sending message 112 to peer 0x5636c05e4d60 (13 bytes)
1740972613.036249 sending message 112 to peer 0x5636c05e4d60 (13 bytes)
1740972613.036251 sending message 112 to peer 0x5636c05e4d60 (10 bytes)
1740972613.036252 sending message 112 to peer 0x5636c05e4d60 (13 bytes)
1740972613.036253 sending message 112 to peer 0x5636c05e4d60 (12 bytes)
1740972613.036255 sending message 112 to peer 0x5636c05e4d60 (12 bytes)
1740972613.036256 sending message 112 to peer 0x5636c05e4d60 (12 bytes)
1740972613.036257 sending message 112 to peer 0x5636c05e4d60 (10 bytes)
1740972613.036258 sending message 112 to peer 0x5636c05e4d60 (10 bytes)
1740972613.036260 sending message 112 to peer 0x5636c05e4d60 (10 bytes)
1740972613.036261 sending message 112 to peer 0x5636c05e4d60 (12 bytes)
1740972613.036262 sending message 112 to peer 0x5636c05e4d60 (13 bytes)
1740972613.036263 sending message 112 to peer 0x5636c05e4d60 (13 bytes)
1740972613.036265 sending message 112 to peer 0x5636c05e4d60 (13 bytes)
1740972613.036266 sending message 112 to peer 0x5636c05e4d60 (13 bytes)
1740972613.036267 sending message 112 to peer 0x5636c05e4d60 (13 bytes)
1740972613.036268 sending message 112 to peer 0x5636c05e4d60 (10 bytes)
1740972613.036270 sending message 112 to peer 0x5636c05e4d60 (11 bytes)
1740972613.036271 sending message 112 to peer 0x5636c05e4d60 (12 bytes)
1740972613.036272 sending message 112 to peer 0x5636c05e4d60 (12 bytes)
1740972613.036273 sending message 112 to peer 0x5636c05e4d60 (12 bytes)
1740972613.036275 sending message 112 to peer 0x5636c05e4d60 (12 bytes)
1740972613.036276 sending message 112 to peer 0x5636c05e4d60 (12 bytes)
1740972613.036277 sending message 112 to peer 0x5636c05e4d60 (11 bytes)
1740972613.036278 sending message 112 to peer 0x5636c05e4d60 (12 bytes)
1740972613.036280 sending message 112 to peer 0x5636c05e4d60 (12 bytes)
1740972613.036281 sending message 112 to peer 0x5636c05e4d60 (13 bytes)
1740972613.036282 sending message 112 to peer 0x5636c05e4d60 (13 bytes)
1740972613.036283 sending message 112 to peer 0x5636c05e4d60 (13 bytes)
1740972613.036285 sending message 112 to peer 0x5636c05e4d60 (13 bytes)
1740972613.036286 sending message 112 to peer 0x5636c05e4d60 (13 bytes)
1740972613.036287 sending message 112 to peer 0x5636c05e4d60 (10 bytes)
1740972613.036288 sending message 112 to peer 0x5636c05e4d60 (9 bytes)
1740972613.036290 sending message 112 to peer 0x5636c05e4d60 (12 bytes)
1740972613.036291 sending message 112 to peer 0x5636c05e4d60 (13 bytes)
1740972613.036292 sending message 112 to peer 0x5636c05e4d60 (13 bytes)
1740972613.036293 sending message 112 to peer 0x5636c05e4d60 (13 bytes)
1740972613.036294 sending message 112 to peer 0x5636c05e4d60 (13 bytes)
1740972613.036296 sending message 112 to peer 0x5636c05e4d60 (13 bytes)
1740972613.036297 sending message 112 to peer 0x5636c05e4d60 (9 bytes)
1740972613.036300 sending message 112 to peer 0x5636c05e4d60 (12 bytes)
1740972613.036301 sending message 112 to peer 0x5636c05e4d60 (13 bytes)
1740972613.036302 sending message 112 to peer 0x5636c05e4d60 (13 bytes)
1740972613.036304 sending message 112 to peer 0x5636c05e4d60 (13 bytes)
1740972613.036305 sending message 112 to peer 0x5636c05e4d60 (13 bytes)
1740972613.036306 sending message 112 to peer 0x5636c05e4d60 (13 bytes)
1740972613.036308 sending message 112 to peer 0x5636c05e4d60 (11 bytes)
1740972613.036309 sending message 112 to peer 0x5636c05e4d60 (12 bytes)
1740972613.036310 sending message 112 to peer 0x5636c05e4d60 (13 bytes)
1740972613.036312 sending message 112 to peer 0x5636c05e4d60 (13 bytes)
1740972613.036314 sending message 112 to peer 0x5636c05e4d60 (13 bytes)
1740972613.036315 sending message 112 to peer 0x5636c05e4d60 (13 bytes)
1740972613.036316 sending message 112 to peer 0x5636c05e4d60 (13 bytes)
1740972613.036318 sending message 112 to peer 0x5636c05e4d60 (11 bytes)
1740972613.036319 sending message 112 to peer 0x5636c05e4d60 (12 bytes)
1740972613.036320 sending message 112 to peer 0x5636c05e4d60 (12 bytes)
1740972613.036321 sending message 112 to peer 0x5636c05e4d60 (12 bytes)
1740972613.036322 sending message 112 to peer 0x5636c05e4d60 (12 bytes)
1740972613.036324 sending message 112 to peer 0x5636c05e4d60 (12 bytes)
1740972613.036325 sending message 112 to peer 0x5636c05e4d60 (21 bytes)
1740972613.036326 sending message 112 to peer 0x5636c05e4d60 (12 bytes)
1740972613.036327 sending message 112 to peer 0x5636c05e4d60 (9 bytes)
1740972613.036328 sending message 112 to peer 0x5636c05e4d60 (6 bytes)
1740972613.036330 sending message 112 to peer 0x5636c05e4d60 (13 bytes)
1740972613.036331 sending message 112 to peer 0x5636c05e4d60 (10 bytes)
1740972613.036332 sending message 112 to peer 0x5636c05e4d60 (24 bytes)
1740972613.036334 sending message 112 to peer 0x5636c05e4d60 (13 bytes)
1740972613.036335 sending message 112 to peer 0x5636c05e4d60 (9 bytes)
1740972613.036337 sending message 112 to peer 0x5636c05e4d60 (70 bytes)
1740972613.036338 sending message 112 to peer 0x5636c05e4d60 (69 bytes)
1740972613.036340 sending message 112 to peer 0x5636c05e4d60 (12 bytes)
1740972613.036342 sending message 112 to peer 0x5636c05e4d60 (10 bytes)
1740972613.036343 sending message 112 to peer 0x5636c05e4d60 (10 bytes)
1740972613.036344 sending message 112 to peer 0x5636c05e4d60 (24 bytes)
1740972613.036345 sending message 112 to peer 0x5636c05e4d60 (13 bytes)
1740972613.036347 sending message 112 to peer 0x5636c05e4d60 (10 bytes)
1740972613.036348 sending message 112 to peer 0x5636c05e4d60 (10 bytes)
1740972613.036349 sending message 112 to peer 0x5636c05e4d60 (10 bytes)
1740972613.036350 sending message 112 to peer 0x5636c05e4d60 (13 bytes)
1740972613.036351 sending message 112 to peer 0x5636c05e4d60 (15 bytes)
1740972613.036352 sending message 112 to peer 0x5636c05e4d60 (5 bytes)
1740972613.036354 sending message 104 to peer 0x5636c05e4d60 (0 bytes)
1740972613.036356 sending message 110 to peer 0x5636c05e4d60 (0 bytes)
1740972613.036358 sending message 107 to peer 0x5636c05e4d60 (4 bytes)
1740972613.036359 sending message 105 to peer 0x5636c05e4d60 (16 bytes)
1740972613.036360 sending message 105 to peer 0x5636c05e4d60 (17 bytes)
1740972613.036361 sending message 105 to peer 0x5636c05e4d60 (61 bytes)
1740972613.036363 sending message 105 to peer 0x5636c05e4d60 (24 bytes)
1740972613.036364 sending message 105 to peer 0x5636c05e4d60 (26 bytes)
1740972613.036365 sending message 105 to peer 0x5636c05e4d60 (29 bytes)
1740972613.036366 sending message 105 to peer 0x5636c05e4d60 (36 bytes)
1740972613.036369 sending message 105 to peer 0x5636c05e4d60 (48 bytes)
1740972613.036370 sending message 105 to peer 0x5636c05e4d60 (36 bytes)
1740972613.036372 sending message 105 to peer 0x5636c05e4d60 (59 bytes)
1740972613.036373 sending message 105 to peer 0x5636c05e4d60 (15 bytes)
1740972613.036374 sending message 105 to peer 0x5636c05e4d60 (29 bytes)
1740972613.036375 sending message 105 to peer 0x5636c05e4d60 (14 bytes)
1740972613.036378 sending message 105 to peer 0x5636c05e4d60 (17 bytes)
1740972613.036380 sending message 105 to peer 0x5636c05e4d60 (13 bytes)
1740972613.036381 sending message 105 to peer 0x5636c05e4d60 (35 bytes)
1740972613.036383 sending message 105 to peer 0x5636c05e4d60 (1519 bytes)
1740972613.036392 sending message 105 to peer 0x5636c05e4d60 (37 bytes)
1740972613.036394 sending message 105 to peer 0x5636c05e4d60 (53 bytes)
1740972613.036395 sending message 105 to peer 0x5636c05e4d60 (26 bytes)
1740972613.036396 sending message 105 to peer 0x5636c05e4d60 (17 bytes)
1740972613.036398 sending message 105 to peer 0x5636c05e4d60 (28 bytes)
1740972613.036399 sending message 105 to peer 0x5636c05e4d60 (40 bytes)
1740972613.036400 sending message 105 to peer 0x5636c05e4d60 (25 bytes)
1740972613.036402 sending message 105 to peer 0x5636c05e4d60 (34 bytes)
1740972613.036403 sending message 105 to peer 0x5636c05e4d60 (20 bytes)
1740972613.036404 sending message 105 to peer 0x5636c05e4d60 (32 bytes)
1740972613.036406 sending message 105 to peer 0x5636c05e4d60 (11 bytes)
1740972613.036407 sending message 105 to peer 0x5636c05e4d60 (13 bytes)
1740972613.036408 sending message 105 to peer 0x5636c05e4d60 (11 bytes)
1740972613.036409 sending message 105 to peer 0x5636c05e4d60 (8 bytes)
1740972613.036411 sending message 105 to peer 0x5636c05e4d60 (14 bytes)
1740972613.036412 sending message 105 to peer 0x5636c05e4d60 (67 bytes)
1740972613.036413 sending message 105 to peer 0x5636c05e4d60 (32 bytes)
1740972613.036415 sending message 105 to peer 0x5636c05e4d60 (30 bytes)
1740972613.036416 sending message 105 to peer 0x5636c05e4d60 (33 bytes)
1740972613.036417 sending message 105 to peer 0x5636c05e4d60 (65 bytes)
1740972613.036419 sending message 105 to peer 0x5636c05e4d60 (1516 bytes)
1740972613.036421 sending message 105 to peer 0x5636c05e4d60 (54 bytes)
1740972613.036422 sending message 105 to peer 0x5636c05e4d60 (52 bytes)
1740972613.036424 sending message 105 to peer 0x5636c05e4d60 (16 bytes)
1740972613.036425 sending message 105 to peer 0x5636c05e4d60 (29 bytes)
1740972613.036426 sending message 105 to peer 0x5636c05e4d60 (40 bytes)
1740972613.036427 sending message 105 to peer 0x5636c05e4d60 (53 bytes)
1740972613.036429 sending message 105 to peer 0x5636c05e4d60 (18 bytes)
1740972613.036430 sending message 105 to peer 0x5636c05e4d60 (16 bytes)
1740972613.036431 sending message 105 to peer 0x5636c05e4d60 (27 bytes)
1740972613.036433 sending message 106 to peer 0x5636c05e4d60 (0 bytes)
1740972613.036435 sending message 200 to peer 0x5636c05e4d60 (4 bytes)
1740972613.036437 client loop enter
1740972613.036966 peer 0x5636c05e4d60 message 303
1740972613.036974 open write file 2 -
1740972613.036979 sending message 305 to peer 0x5636c05e4d60 (8 bytes)
1740972613.037009 write check file 2
1740972613.037144 peer 0x5636c05e4d60 message 304
1740972613.037152 write 58 to file 2
1740972613.037154 peer 0x5636c05e4d60 message 203
1740972613.037156 file 2 58 bytes left
1740972613.037186 write check file 2
1740972613.037188 client loop exit
